<?xml version="1.0" ?>
<!DOCTYPE coverage SYSTEM "http://cobertura.sourceforge.net/xml/coverage-04.dtd">
<coverage lines-valid="7"  lines-covered="7"  line-rate="1"  branches-valid="0"  branches-covered="0"  branch-rate="1"  timestamp="1468820125557" complexity="0" version="0.1">
<sources>
	<source>/home/bishal/Desktop/wherediditallgowrong</source>
</sources>
<packages>
	<package name="wherediditallgowrong"  line-rate="1"  branch-rate="1" >
	<classes>
		<class name="app.js"  filename="app.js"  line-rate="1"  branch-rate="1" >
		<methods>
			<method name="(anonymous_1)"  hits="1"  signature="()V" >
				<lines><line number="11"  hits="1" /></lines>
			</method>
		</methods>
		<lines>
			<line number="5"  hits="1"  branch="false" />
			<line number="8"  hits="1"  branch="false" />
			<line number="9"  hits="1"  branch="false" />
			<line number="11"  hits="1"  branch="false" />
			<line number="12"  hits="1"  branch="false" />
			<line number="16"  hits="1"  branch="false" />
			<line number="17"  hits="1"  branch="false" />
		</lines>
		</class>
	</classes>
	</package>
</packages>
</coverage>
