{"/home/bishal/Desktop/wherediditallgowrong/app.js":{"path":"/home/bishal/Desktop/wherediditallgowrong/app.js","s":{"1":1,"2":1,"3":1,"4":1,"5":1,"6":1,"7":1},"b":{},"f":{"1":1},"fnMap":{"1":{"name":"(anonymous_1)","line":11,"loc":{"start":{"line":11,"column":13},"end":{"line":11,"column":32}}}},"statementMap":{"1":{"start":{"line":5,"column":0},"end":{"line":6,"column":20}},"2":{"start":{"line":8,"column":0},"end":{"line":8,"column":26}},"3":{"start":{"line":9,"column":0},"end":{"line":9,"column":31}},"4":{"start":{"line":11,"column":0},"end":{"line":14,"column":3}},"5":{"start":{"line":12,"column":4},"end":{"line":13,"column":5}},"6":{"start":{"line":16,"column":0},"end":{"line":16,"column":17}},"7":{"start":{"line":17,"column":0},"end":{"line":17,"column":28}}},"branchMap":{}}}